2025-08-08 17:04:40,357 [INFO] ODOO_EMAIL: ******** [PASS]
2025-08-08 17:04:40,357 [INFO] ODOO_PASSWORD: ******** [PASS]
2025-08-08 17:04:40,357 [INFO] ODOO_URL: ******** [PASS]
2025-08-08 17:04:40,357 [INFO] PMS_EMAIL: ******** [PASS]
2025-08-08 17:04:40,357 [INFO] PMS_PASSWORD: ******** [PASS]
2025-08-08 17:04:40,357 [INFO] EMAIL_SENDER: ******** [PASS]
2025-08-08 17:04:40,357 [INFO] EMAIL_PASSWORD: ******** [PASS]
2025-08-08 17:04:40,357 [INFO] EMAIL_RECIPIENT: ******** [PASS]
2025-08-08 17:04:40,357 [INFO] GDRIVE_FOLDER_ID: ******** [PASS]
2025-08-08 17:04:40,357 [INFO] MAX_WORKERS: ******** [PASS]
2025-08-08 17:04:40,362 [INFO] RETRY_LIMIT: ******** [PASS]
2025-08-08 17:04:40,362 [INFO] RETRY_DELAY: ******** [PASS]
2025-08-08 17:05:43,427 [INFO] [32mODOO_EMAIL: ******** [PASS]
2025-08-08 17:05:43,427 [INFO] [32mODOO_PASSWORD: ******** [PASS]
2025-08-08 17:05:43,427 [INFO] [32mODOO_URL: ******** [PASS]
2025-08-08 17:05:43,427 [INFO] [32mPMS_EMAIL: ******** [PASS]
2025-08-08 17:05:43,429 [INFO] [32mPMS_PASSWORD: ******** [PASS]
2025-08-08 17:05:43,429 [INFO] [32mEMAIL_SENDER: ******** [PASS]
2025-08-08 17:05:43,429 [INFO] [32mEMAIL_PASSWORD: ******** [PASS]
2025-08-08 17:05:43,429 [INFO] [32mEMAIL_RECIPIENT: ******** [PASS]
2025-08-08 17:05:43,429 [INFO] [32mGDRIVE_FOLDER_ID: ******** [PASS]
2025-08-08 17:05:43,429 [INFO] [32mMAX_WORKERS: ******** [PASS]
2025-08-08 17:05:43,429 [INFO] [32mRETRY_LIMIT: ******** [PASS]
2025-08-08 17:05:43,429 [INFO] [32mRETRY_DELAY: ******** [PASS]
